Pozo 1 - alwelafquen@smarthydro.cl
Morza P1 - uniagri@smarthydro.cl
Morza P2 - uniagri@smarthydro.cl
Pozo 3 - cocacolatemuco@smarthydro.cl
Morza P3 - uniagri@smarthydro.cl
Pozo 4 - cocacolatemuco@smarthydro.cl
Pelarco - cmoya@unifrutti.cl
Codegua - dole@smarthydro.cl
Pozo 1 - cocacolatemuco@smarthydro.cl
mismatched tag: line 9, column 2
Pozo 2 - nuevaenergia@smarthydro.cl
Lontué - dole@smarthydro.cl
Pozo 1 - nuevaenergia@smarthydro.cl
Planta Graneros - indura@smarthydro.cl
Planta 1 P1 - productosfernandez@smarthydro.cl
Pozo 1 - tierrasdelsur@smarthydro.cl
Planta complejo P1 - productosfernandez@smarthydro.cl
Planta 2 P1 - productosfernandez@smarthydro.cl
Pozo 1 - alwelafquen@smarthydro.cl
Morza P1 - uniagri@smarthydro.cl
Morza P2 - uniagri@smarthydro.cl
Pozo 3 - cocacolatemuco@smarthydro.cl
mismatched tag: line 9, column 2
Morza P3 - uniagri@smarthydro.cl
Pozo 4 - cocacolatemuco@smarthydro.cl
Pelarco - cmoya@unifrutti.cl
Codegua - dole@smarthydro.cl
Pozo 1 - cocacolatemuco@smarthydro.cl
Pozo 2 - nuevaenergia@smarthydro.cl
Lontué - dole@smarthydro.cl
Pozo 1 - nuevaenergia@smarthydro.cl
Planta Graneros - indura@smarthydro.cl
Planta 1 P1 - productosfernandez@smarthydro.cl
Pozo 1 - tierrasdelsur@smarthydro.cl
Planta complejo P1 - productosfernandez@smarthydro.cl
Planta 2 P1 - productosfernandez@smarthydro.cl
Pozo 1 - alwelafquen@smarthydro.cl
Morza P1 - uniagri@smarthydro.cl
Morza P2 - uniagri@smarthydro.cl
Pozo 3 - cocacolatemuco@smarthydro.cl
Morza P3 - uniagri@smarthydro.cl
Pozo 4 - cocacolatemuco@smarthydro.cl
Pelarco - cmoya@unifrutti.cl
Codegua - dole@smarthydro.cl
Pozo 1 - cocacolatemuco@smarthydro.cl
Pozo 2 - nuevaenergia@smarthydro.cl
mismatched tag: line 9, column 2
Lontué - dole@smarthydro.cl
Pozo 1 - nuevaenergia@smarthydro.cl
Planta Graneros - indura@smarthydro.cl
mismatched tag: line 9, column 2
Planta 1 P1 - productosfernandez@smarthydro.cl
Pozo 1 - tierrasdelsur@smarthydro.cl
Planta complejo P1 - productosfernandez@smarthydro.cl
Planta 2 P1 - productosfernandez@smarthydro.cl
Pozo 1 - alwelafquen@smarthydro.cl
Morza P1 - uniagri@smarthydro.cl
Morza P2 - uniagri@smarthydro.cl
Pozo 3 - cocacolatemuco@smarthydro.cl
Morza P3 - uniagri@smarthydro.cl
Pozo 4 - cocacolatemuco@smarthydro.cl
Pelarco - cmoya@unifrutti.cl
Codegua - dole@smarthydro.cl
Pozo 1 - cocacolatemuco@smarthydro.cl
Pozo 2 - nuevaenergia@smarthydro.cl
Lontué - dole@smarthydro.cl
Pozo 1 - nuevaenergia@smarthydro.cl
Planta Graneros - indura@smarthydro.cl
Planta 1 P1 - productosfernandez@smarthydro.cl
Pozo 1 - tierrasdelsur@smarthydro.cl
Planta complejo P1 - productosfernandez@smarthydro.cl
Planta 2 P1 - productosfernandez@smarthydro.cl
Pozo 1 - alwelafquen@smarthydro.cl
Pozo 4 - cocacolatemuco@smarthydro.cl
Morza P1 - uniagri@smarthydro.cl
Morza P2 - uniagri@smarthydro.cl
Pelarco - cmoya@unifrutti.cl
Morza P3 - uniagri@smarthydro.cl
Codegua - dole@smarthydro.cl
Pozo 1 - cocacolatemuco@smarthydro.cl
Pozo 3 - cocacolatemuco@smarthydro.cl
Planta Graneros - indura@smarthydro.cl
Lontué - dole@smarthydro.cl
Pozo 2 - nuevaenergia@smarthydro.cl
Pozo 1 - nuevaenergia@smarthydro.cl
Planta 1 P1 - productosfernandez@smarthydro.cl
Planta 2 P1 - productosfernandez@smarthydro.cl
Planta complejo P1 - productosfernandez@smarthydro.cl
Pozo 1 - tierrasdelsur@smarthydro.cl
Pozo 1 - alwelafquen@smarthydro.cl
Pozo 4 - cocacolatemuco@smarthydro.cl
Morza P1 - uniagri@smarthydro.cl
Morza P2 - uniagri@smarthydro.cl
Pelarco - cmoya@unifrutti.cl
Morza P3 - uniagri@smarthydro.cl
Codegua - dole@smarthydro.cl
Pozo 1 - cocacolatemuco@smarthydro.cl
Pozo 3 - cocacolatemuco@smarthydro.cl
Planta Graneros - indura@smarthydro.cl
Lontué - dole@smarthydro.cl
Pozo 2 - nuevaenergia@smarthydro.cl
Pozo 1 - nuevaenergia@smarthydro.cl
Planta 1 P1 - productosfernandez@smarthydro.cl
Planta 2 P1 - productosfernandez@smarthydro.cl
Planta complejo P1 - productosfernandez@smarthydro.cl
Pozo 1 - tierrasdelsur@smarthydro.cl
Pozo 1 - alwelafquen@smarthydro.cl
Pozo 4 - cocacolatemuco@smarthydro.cl
Morza P1 - uniagri@smarthydro.cl
Morza P2 - uniagri@smarthydro.cl
Pelarco - cmoya@unifrutti.cl
Morza P3 - uniagri@smarthydro.cl
Codegua - dole@smarthydro.cl
Pozo 1 - cocacolatemuco@smarthydro.cl
Pozo 3 - cocacolatemuco@smarthydro.cl
Planta Graneros - indura@smarthydro.cl
Lontué - dole@smarthydro.cl
Pozo 2 - nuevaenergia@smarthydro.cl
Pozo 1 - nuevaenergia@smarthydro.cl
Planta 1 P1 - productosfernandez@smarthydro.cl
Planta 2 P1 - productosfernandez@smarthydro.cl
Planta complejo P1 - productosfernandez@smarthydro.cl
Pozo 1 - tierrasdelsur@smarthydro.cl
Pozo 1 - alwelafquen@smarthydro.cl
Pozo 4 - cocacolatemuco@smarthydro.cl
Morza P1 - uniagri@smarthydro.cl
Morza P2 - uniagri@smarthydro.cl
Codegua - dole@smarthydro.cl
Pelarco - cmoya@unifrutti.cl
Morza P3 - uniagri@smarthydro.cl
Pozo 1 - cocacolatemuco@smarthydro.cl
Pozo 3 - cocacolatemuco@smarthydro.cl
Planta Graneros - indura@smarthydro.cl
Lontué - dole@smarthydro.cl
Pozo 2 - nuevaenergia@smarthydro.cl
Pozo 1 - nuevaenergia@smarthydro.cl
Planta 1 P1 - productosfernandez@smarthydro.cl
Planta 2 P1 - productosfernandez@smarthydro.cl
Planta complejo P1 - productosfernandez@smarthydro.cl
Pozo 1 - tierrasdelsur@smarthydro.cl
Pozo 1 - alwelafquen@smarthydro.cl
Pozo 4 - cocacolatemuco@smarthydro.cl
Morza P1 - uniagri@smarthydro.cl
Morza P2 - uniagri@smarthydro.cl
Codegua - dole@smarthydro.cl
Pelarco - cmoya@unifrutti.cl
Morza P3 - uniagri@smarthydro.cl
Pozo 1 - cocacolatemuco@smarthydro.cl
Pozo 3 - cocacolatemuco@smarthydro.cl
Planta Graneros - indura@smarthydro.cl
Lontué - dole@smarthydro.cl
Pozo 2 - nuevaenergia@smarthydro.cl
Pozo 1 - nuevaenergia@smarthydro.cl
Planta 1 P1 - productosfernandez@smarthydro.cl
Planta 2 P1 - productosfernandez@smarthydro.cl
Planta complejo P1 - productosfernandez@smarthydro.cl
Pozo 1 - tierrasdelsur@smarthydro.cl
Pozo 1 - alwelafquen@smarthydro.cl
Pozo 4 - cocacolatemuco@smarthydro.cl
Morza P1 - uniagri@smarthydro.cl
Morza P2 - uniagri@smarthydro.cl
Codegua - dole@smarthydro.cl
Pelarco - cmoya@unifrutti.cl
Morza P3 - uniagri@smarthydro.cl
Pozo 1 - cocacolatemuco@smarthydro.cl
Pozo 3 - cocacolatemuco@smarthydro.cl
Planta Graneros - indura@smarthydro.cl
Lontué - dole@smarthydro.cl
Pozo 2 - nuevaenergia@smarthydro.cl
'NoneType' object has no attribute 'text'
Pozo 1 - nuevaenergia@smarthydro.cl
'NoneType' object has no attribute 'text'
Planta 1 P1 - productosfernandez@smarthydro.cl
'NoneType' object has no attribute 'text'
Planta 2 P1 - productosfernandez@smarthydro.cl
Planta complejo P1 - productosfernandez@smarthydro.cl
Pozo 1 - tierrasdelsur@smarthydro.cl
Pozo 1 - alwelafquen@smarthydro.cl
Pozo 4 - cocacolatemuco@smarthydro.cl
Morza P1 - uniagri@smarthydro.cl
Morza P2 - uniagri@smarthydro.cl
Codegua - dole@smarthydro.cl
Pelarco - cmoya@unifrutti.cl
Morza P3 - uniagri@smarthydro.cl
Pozo 1 - cocacolatemuco@smarthydro.cl
Pozo 3 - cocacolatemuco@smarthydro.cl
Planta Graneros - indura@smarthydro.cl
Lontué - dole@smarthydro.cl
Pozo 2 - nuevaenergia@smarthydro.cl
Pozo 1 - nuevaenergia@smarthydro.cl
Planta 1 P1 - productosfernandez@smarthydro.cl
Planta 2 P1 - productosfernandez@smarthydro.cl
Planta complejo P1 - productosfernandez@smarthydro.cl
Pozo 1 - tierrasdelsur@smarthydro.cl
Pozo 1 - alwelafquen@smarthydro.cl
Pozo 4 - cocacolatemuco@smarthydro.cl
Morza P1 - uniagri@smarthydro.cl
Morza P2 - uniagri@smarthydro.cl
Codegua - dole@smarthydro.cl
Pelarco - cmoya@unifrutti.cl
Morza P3 - uniagri@smarthydro.cl
Pozo 1 - cocacolatemuco@smarthydro.cl
Pozo 3 - cocacolatemuco@smarthydro.cl
Planta Graneros - indura@smarthydro.cl
Lontué - dole@smarthydro.cl
Pozo 2 - nuevaenergia@smarthydro.cl
Pozo 1 - nuevaenergia@smarthydro.cl
Planta 1 P1 - productosfernandez@smarthydro.cl
Planta 2 P1 - productosfernandez@smarthydro.cl
Planta complejo P1 - productosfernandez@smarthydro.cl
Pozo 1 - tierrasdelsur@smarthydro.cl
Pozo 1 - alwelafquen@smarthydro.cl
Pozo 4 - cocacolatemuco@smarthydro.cl
Morza P1 - uniagri@smarthydro.cl
Morza P2 - uniagri@smarthydro.cl
Codegua - dole@smarthydro.cl
Pelarco - cmoya@unifrutti.cl
Morza P3 - uniagri@smarthydro.cl
Pozo 1 - cocacolatemuco@smarthydro.cl
Pozo 3 - cocacolatemuco@smarthydro.cl
Planta Graneros - indura@smarthydro.cl
Lontué - dole@smarthydro.cl
Pozo 2 - nuevaenergia@smarthydro.cl
Pozo 1 - nuevaenergia@smarthydro.cl
Planta 1 P1 - productosfernandez@smarthydro.cl
Planta 2 P1 - productosfernandez@smarthydro.cl
Planta complejo P1 - productosfernandez@smarthydro.cl
Pozo 1 - tierrasdelsur@smarthydro.cl
NO HAY CLIENTES CON SERVICIO DGA ESTANDAR MENOR
Pozo 1 - alwelafquen@smarthydro.cl
Pozo 4 - cocacolatemuco@smarthydro.cl
Morza P1 - uniagri@smarthydro.cl
Morza P2 - uniagri@smarthydro.cl
Codegua - dole@smarthydro.cl
Pelarco - cmoya@unifrutti.cl
Morza P3 - uniagri@smarthydro.cl
Pozo 1 - cocacolatemuco@smarthydro.cl
Pozo 3 - cocacolatemuco@smarthydro.cl
Planta Graneros - indura@smarthydro.cl
Lontué - dole@smarthydro.cl
Pozo 2 - nuevaenergia@smarthydro.cl
Pozo 1 - nuevaenergia@smarthydro.cl
Planta 1 P1 - productosfernandez@smarthydro.cl
Planta 2 P1 - productosfernandez@smarthydro.cl
Planta complejo P1 - productosfernandez@smarthydro.cl
Pozo 1 - tierrasdelsur@smarthydro.cl
syntax error: line 1, column 49
Pozo 1 - alwelafquen@smarthydro.cl
Pozo 4 - cocacolatemuco@smarthydro.cl
Morza P1 - uniagri@smarthydro.cl
Morza P2 - uniagri@smarthydro.cl
Codegua - dole@smarthydro.cl
Pelarco - cmoya@unifrutti.cl
Morza P3 - uniagri@smarthydro.cl
Pozo 1 - cocacolatemuco@smarthydro.cl
Pozo 3 - cocacolatemuco@smarthydro.cl
Planta Graneros - indura@smarthydro.cl
Lontué - dole@smarthydro.cl
Pozo 2 - nuevaenergia@smarthydro.cl
Pozo 1 - nuevaenergia@smarthydro.cl
Planta 1 P1 - productosfernandez@smarthydro.cl
Planta 2 P1 - productosfernandez@smarthydro.cl
Planta complejo P1 - productosfernandez@smarthydro.cl
Pozo 1 - tierrasdelsur@smarthydro.cl
Pozo 1 - alwelafquen@smarthydro.cl
Pozo 4 - cocacolatemuco@smarthydro.cl
Morza P1 - uniagri@smarthydro.cl
Morza P2 - uniagri@smarthydro.cl
Codegua - dole@smarthydro.cl
Pelarco - cmoya@unifrutti.cl
Morza P3 - uniagri@smarthydro.cl
Pozo 1 - cocacolatemuco@smarthydro.cl
Pozo 3 - cocacolatemuco@smarthydro.cl
Planta Graneros - indura@smarthydro.cl
Lontué - dole@smarthydro.cl
Pozo 2 - nuevaenergia@smarthydro.cl
Pozo 1 - nuevaenergia@smarthydro.cl
Planta 1 P1 - productosfernandez@smarthydro.cl
Planta 2 P1 - productosfernandez@smarthydro.cl
Planta complejo P1 - productosfernandez@smarthydro.cl
Pozo 1 - tierrasdelsur@smarthydro.cl
Pozo 1 - alwelafquen@smarthydro.cl
Pozo 4 - cocacolatemuco@smarthydro.cl
Morza P1 - uniagri@smarthydro.cl
Morza P2 - uniagri@smarthydro.cl
Codegua - dole@smarthydro.cl
Pelarco - cmoya@unifrutti.cl
Morza P3 - uniagri@smarthydro.cl
Pozo 1 - cocacolatemuco@smarthydro.cl
Pozo 3 - cocacolatemuco@smarthydro.cl
Planta Graneros - indura@smarthydro.cl
Lontué - dole@smarthydro.cl
Pozo 2 - nuevaenergia@smarthydro.cl
mismatched tag: line 9, column 2
Pozo 1 - nuevaenergia@smarthydro.cl
Planta 1 P1 - productosfernandez@smarthydro.cl
Planta 2 P1 - productosfernandez@smarthydro.cl
Planta complejo P1 - productosfernandez@smarthydro.cl
Pozo 1 - tierrasdelsur@smarthydro.cl
Pozo 1 - alwelafquen@smarthydro.cl
syntax error: line 1, column 49
Pozo 4 - cocacolatemuco@smarthydro.cl
syntax error: line 1, column 49
Morza P1 - uniagri@smarthydro.cl
syntax error: line 1, column 49
Morza P2 - uniagri@smarthydro.cl
syntax error: line 1, column 49
Codegua - dole@smarthydro.cl
syntax error: line 1, column 49
Pelarco - cmoya@unifrutti.cl
syntax error: line 1, column 49
Morza P3 - uniagri@smarthydro.cl
syntax error: line 1, column 49
Pozo 1 - cocacolatemuco@smarthydro.cl
syntax error: line 1, column 49
Pozo 3 - cocacolatemuco@smarthydro.cl
syntax error: line 1, column 49
Planta Graneros - indura@smarthydro.cl
syntax error: line 1, column 49
Lontué - dole@smarthydro.cl
syntax error: line 1, column 49
Pozo 2 - nuevaenergia@smarthydro.cl
mismatched tag: line 9, column 2
Pozo 1 - nuevaenergia@smarthydro.cl
Planta 1 P1 - productosfernandez@smarthydro.cl
Planta 2 P1 - productosfernandez@smarthydro.cl
Planta complejo P1 - productosfernandez@smarthydro.cl
Pozo 1 - tierrasdelsur@smarthydro.cl
Pozo 1 - alwelafquen@smarthydro.cl
Pozo 4 - cocacolatemuco@smarthydro.cl
'NoneType' object has no attribute 'text'
Morza P1 - uniagri@smarthydro.cl
'NoneType' object has no attribute 'text'
Morza P2 - uniagri@smarthydro.cl
syntax error: line 1, column 49
Codegua - dole@smarthydro.cl
mismatched tag: line 9, column 2
Pelarco - cmoya@unifrutti.cl
syntax error: line 1, column 49
Morza P3 - uniagri@smarthydro.cl
syntax error: line 1, column 49
Pozo 1 - cocacolatemuco@smarthydro.cl
syntax error: line 1, column 49
Pozo 3 - cocacolatemuco@smarthydro.cl
Planta Graneros - indura@smarthydro.cl
Lontué - dole@smarthydro.cl
Pozo 2 - nuevaenergia@smarthydro.cl
Pozo 1 - nuevaenergia@smarthydro.cl
Planta 1 P1 - productosfernandez@smarthydro.cl
Planta 2 P1 - productosfernandez@smarthydro.cl
Planta complejo P1 - productosfernandez@smarthydro.cl
Pozo 1 - tierrasdelsur@smarthydro.cl
Pozo 1 - alwelafquen@smarthydro.cl
'NoneType' object has no attribute 'text'
Pozo 4 - cocacolatemuco@smarthydro.cl
syntax error: line 1, column 49
Morza P1 - uniagri@smarthydro.cl
syntax error: line 1, column 49
Morza P2 - uniagri@smarthydro.cl
syntax error: line 1, column 49
Codegua - dole@smarthydro.cl
syntax error: line 1, column 49
Pelarco - cmoya@unifrutti.cl
syntax error: line 1, column 49
Morza P3 - uniagri@smarthydro.cl
Pozo 1 - cocacolatemuco@smarthydro.cl
Pozo 3 - cocacolatemuco@smarthydro.cl
Planta Graneros - indura@smarthydro.cl
Lontué - dole@smarthydro.cl
Pozo 2 - nuevaenergia@smarthydro.cl
Pozo 1 - nuevaenergia@smarthydro.cl
Planta 1 P1 - productosfernandez@smarthydro.cl
Planta 2 P1 - productosfernandez@smarthydro.cl
Planta complejo P1 - productosfernandez@smarthydro.cl
Pozo 1 - tierrasdelsur@smarthydro.cl
Pozo 1 - alwelafquen@smarthydro.cl
Pozo 4 - cocacolatemuco@smarthydro.cl
Morza P1 - uniagri@smarthydro.cl
Morza P2 - uniagri@smarthydro.cl
Codegua - dole@smarthydro.cl
Pelarco - cmoya@unifrutti.cl
Morza P3 - uniagri@smarthydro.cl
Pozo 1 - cocacolatemuco@smarthydro.cl
Pozo 3 - cocacolatemuco@smarthydro.cl
Planta Graneros - indura@smarthydro.cl
Lontué - dole@smarthydro.cl
Pozo 2 - nuevaenergia@smarthydro.cl
Pozo 1 - nuevaenergia@smarthydro.cl
Planta 1 P1 - productosfernandez@smarthydro.cl
Planta 2 P1 - productosfernandez@smarthydro.cl
Planta complejo P1 - productosfernandez@smarthydro.cl
Pozo 1 - tierrasdelsur@smarthydro.cl
Pozo 1 - alwelafquen@smarthydro.cl
Pozo 4 - cocacolatemuco@smarthydro.cl
Morza P1 - uniagri@smarthydro.cl
Morza P2 - uniagri@smarthydro.cl
Codegua - dole@smarthydro.cl
Pelarco - cmoya@unifrutti.cl
Morza P3 - uniagri@smarthydro.cl
Pozo 1 - cocacolatemuco@smarthydro.cl
Pozo 3 - cocacolatemuco@smarthydro.cl
Planta Graneros - indura@smarthydro.cl
Lontué - dole@smarthydro.cl
Pozo 2 - nuevaenergia@smarthydro.cl
Pozo 1 - nuevaenergia@smarthydro.cl
Planta 1 P1 - productosfernandez@smarthydro.cl
Planta 2 P1 - productosfernandez@smarthydro.cl
Planta complejo P1 - productosfernandez@smarthydro.cl
Pozo 1 - tierrasdelsur@smarthydro.cl
Pozo 1 - alwelafquen@smarthydro.cl
'NoneType' object has no attribute 'text'
Pozo 4 - cocacolatemuco@smarthydro.cl
Morza P1 - uniagri@smarthydro.cl
Morza P2 - uniagri@smarthydro.cl
Codegua - dole@smarthydro.cl
Pelarco - cmoya@unifrutti.cl
Morza P3 - uniagri@smarthydro.cl
Pozo 1 - cocacolatemuco@smarthydro.cl
Pozo 3 - cocacolatemuco@smarthydro.cl
Planta Graneros - indura@smarthydro.cl
Lontué - dole@smarthydro.cl
Pozo 2 - nuevaenergia@smarthydro.cl
Pozo 1 - nuevaenergia@smarthydro.cl
Planta 1 P1 - productosfernandez@smarthydro.cl
Planta 2 P1 - productosfernandez@smarthydro.cl
Planta complejo P1 - productosfernandez@smarthydro.cl
Pozo 1 - tierrasdelsur@smarthydro.cl
Pozo 1 - alwelafquen@smarthydro.cl
Pozo 4 - cocacolatemuco@smarthydro.cl
Morza P1 - uniagri@smarthydro.cl
Morza P2 - uniagri@smarthydro.cl
Codegua - dole@smarthydro.cl
Pelarco - cmoya@unifrutti.cl
Morza P3 - uniagri@smarthydro.cl
Pozo 1 - cocacolatemuco@smarthydro.cl
Pozo 3 - cocacolatemuco@smarthydro.cl
Planta Graneros - indura@smarthydro.cl
Lontué - dole@smarthydro.cl
Pozo 2 - nuevaenergia@smarthydro.cl
Pozo 1 - nuevaenergia@smarthydro.cl
Planta 1 P1 - productosfernandez@smarthydro.cl
Planta 2 P1 - productosfernandez@smarthydro.cl
Planta complejo P1 - productosfernandez@smarthydro.cl
Pozo 1 - tierrasdelsur@smarthydro.cl
Pozo 1 - alwelafquen@smarthydro.cl
Pozo 4 - cocacolatemuco@smarthydro.cl
Morza P1 - uniagri@smarthydro.cl
Morza P2 - uniagri@smarthydro.cl
Codegua - dole@smarthydro.cl
Pelarco - cmoya@unifrutti.cl
Morza P3 - uniagri@smarthydro.cl
Pozo 1 - cocacolatemuco@smarthydro.cl
Pozo 3 - cocacolatemuco@smarthydro.cl
Planta Graneros - indura@smarthydro.cl
Lontué - dole@smarthydro.cl
Pozo 2 - nuevaenergia@smarthydro.cl
Pozo 1 - nuevaenergia@smarthydro.cl
Planta 1 P1 - productosfernandez@smarthydro.cl
Planta 2 P1 - productosfernandez@smarthydro.cl
Planta complejo P1 - productosfernandez@smarthydro.cl
Pozo 1 - tierrasdelsur@smarthydro.cl
Pozo 1 - alwelafquen@smarthydro.cl
Pozo 4 - cocacolatemuco@smarthydro.cl
syntax error: line 1, column 49
Morza P1 - uniagri@smarthydro.cl
syntax error: line 1, column 49
Morza P2 - uniagri@smarthydro.cl
syntax error: line 1, column 49
Codegua - dole@smarthydro.cl
syntax error: line 1, column 49
Pelarco - cmoya@unifrutti.cl
syntax error: line 1, column 49
Morza P3 - uniagri@smarthydro.cl
syntax error: line 1, column 49
Pozo 1 - cocacolatemuco@smarthydro.cl
syntax error: line 1, column 49
Pozo 3 - cocacolatemuco@smarthydro.cl
syntax error: line 1, column 49
Planta Graneros - indura@smarthydro.cl
Lontué - dole@smarthydro.cl
Pozo 2 - nuevaenergia@smarthydro.cl
Pozo 1 - nuevaenergia@smarthydro.cl
Planta 1 P1 - productosfernandez@smarthydro.cl
Planta 2 P1 - productosfernandez@smarthydro.cl
Planta complejo P1 - productosfernandez@smarthydro.cl
Pozo 1 - tierrasdelsur@smarthydro.cl
syntax error: line 1, column 49
Pozo 1 - alwelafquen@smarthydro.cl
Pozo 4 - cocacolatemuco@smarthydro.cl
Morza P1 - uniagri@smarthydro.cl
Morza P2 - uniagri@smarthydro.cl
Codegua - dole@smarthydro.cl
Pelarco - cmoya@unifrutti.cl
Morza P3 - uniagri@smarthydro.cl
Pozo 1 - cocacolatemuco@smarthydro.cl
Pozo 3 - cocacolatemuco@smarthydro.cl
Planta Graneros - indura@smarthydro.cl
Lontué - dole@smarthydro.cl
Pozo 2 - nuevaenergia@smarthydro.cl
Pozo 1 - nuevaenergia@smarthydro.cl
Planta 1 P1 - productosfernandez@smarthydro.cl
Planta 2 P1 - productosfernandez@smarthydro.cl
Planta complejo P1 - productosfernandez@smarthydro.cl
Pozo 1 - tierrasdelsur@smarthydro.cl
Pozo 1 - alwelafquen@smarthydro.cl
Pozo 4 - cocacolatemuco@smarthydro.cl
Morza P1 - uniagri@smarthydro.cl
Morza P2 - uniagri@smarthydro.cl
Codegua - dole@smarthydro.cl
Pelarco - cmoya@unifrutti.cl
Morza P3 - uniagri@smarthydro.cl
Pozo 1 - cocacolatemuco@smarthydro.cl
syntax error: line 1, column 49
Pozo 3 - cocacolatemuco@smarthydro.cl
syntax error: line 1, column 49
Planta Graneros - indura@smarthydro.cl
syntax error: line 1, column 49
Lontué - dole@smarthydro.cl
syntax error: line 1, column 49
Pozo 2 - nuevaenergia@smarthydro.cl
syntax error: line 1, column 49
Pozo 1 - nuevaenergia@smarthydro.cl
syntax error: line 1, column 49
Planta 1 P1 - productosfernandez@smarthydro.cl
syntax error: line 1, column 49
Planta 2 P1 - productosfernandez@smarthydro.cl
mismatched tag: line 9, column 2
Planta complejo P1 - productosfernandez@smarthydro.cl
syntax error: line 1, column 49
Pozo 1 - tierrasdelsur@smarthydro.cl
Pozo 1 - alwelafquen@smarthydro.cl
Pozo 4 - cocacolatemuco@smarthydro.cl
Morza P1 - uniagri@smarthydro.cl
Morza P2 - uniagri@smarthydro.cl
Codegua - dole@smarthydro.cl
Pelarco - cmoya@unifrutti.cl
Morza P3 - uniagri@smarthydro.cl
Pozo 1 - cocacolatemuco@smarthydro.cl
Pozo 3 - cocacolatemuco@smarthydro.cl
Planta Graneros - indura@smarthydro.cl
Lontué - dole@smarthydro.cl
mismatched tag: line 9, column 2
Pozo 2 - nuevaenergia@smarthydro.cl
Pozo 1 - nuevaenergia@smarthydro.cl
Planta 1 P1 - productosfernandez@smarthydro.cl
Planta 2 P1 - productosfernandez@smarthydro.cl
Planta complejo P1 - productosfernandez@smarthydro.cl
Pozo 1 - tierrasdelsur@smarthydro.cl
Pozo 1 - alwelafquen@smarthydro.cl
syntax error: line 1, column 49
Pozo 4 - cocacolatemuco@smarthydro.cl
syntax error: line 1, column 49
Morza P1 - uniagri@smarthydro.cl
syntax error: line 1, column 49
Morza P2 - uniagri@smarthydro.cl
syntax error: line 1, column 49
Codegua - dole@smarthydro.cl
syntax error: line 1, column 49
Pelarco - cmoya@unifrutti.cl
Morza P3 - uniagri@smarthydro.cl
Pozo 1 - cocacolatemuco@smarthydro.cl
Pozo 3 - cocacolatemuco@smarthydro.cl
Planta Graneros - indura@smarthydro.cl
Lontué - dole@smarthydro.cl
Pozo 2 - nuevaenergia@smarthydro.cl
Pozo 1 - nuevaenergia@smarthydro.cl
Planta 1 P1 - productosfernandez@smarthydro.cl
Planta 2 P1 - productosfernandez@smarthydro.cl
Planta complejo P1 - productosfernandez@smarthydro.cl
Pozo 1 - tierrasdelsur@smarthydro.cl
Pozo 1 - alwelafquen@smarthydro.cl
Pozo 4 - cocacolatemuco@smarthydro.cl
Morza P1 - uniagri@smarthydro.cl
Morza P2 - uniagri@smarthydro.cl
Codegua - dole@smarthydro.cl
Pelarco - cmoya@unifrutti.cl
Morza P3 - uniagri@smarthydro.cl
Pozo 1 - cocacolatemuco@smarthydro.cl
Pozo 3 - cocacolatemuco@smarthydro.cl
Planta Graneros - indura@smarthydro.cl
Lontué - dole@smarthydro.cl
Pozo 2 - nuevaenergia@smarthydro.cl
Pozo 1 - nuevaenergia@smarthydro.cl
Planta 1 P1 - productosfernandez@smarthydro.cl
Planta 2 P1 - productosfernandez@smarthydro.cl
Planta complejo P1 - productosfernandez@smarthydro.cl
Pozo 1 - tierrasdelsur@smarthydro.cl
Pozo 1 - alwelafquen@smarthydro.cl
syntax error: line 1, column 49
Pozo 4 - cocacolatemuco@smarthydro.cl
syntax error: line 1, column 49
Morza P1 - uniagri@smarthydro.cl
Morza P2 - uniagri@smarthydro.cl
Codegua - dole@smarthydro.cl
Pelarco - cmoya@unifrutti.cl
Morza P3 - uniagri@smarthydro.cl
Pozo 1 - cocacolatemuco@smarthydro.cl
Pozo 3 - cocacolatemuco@smarthydro.cl
Planta Graneros - indura@smarthydro.cl
Lontué - dole@smarthydro.cl
Pozo 2 - nuevaenergia@smarthydro.cl
Pozo 1 - nuevaenergia@smarthydro.cl
Planta 1 P1 - productosfernandez@smarthydro.cl
Planta 2 P1 - productosfernandez@smarthydro.cl
Planta complejo P1 - productosfernandez@smarthydro.cl
Pozo 1 - tierrasdelsur@smarthydro.cl
Pozo 1 - alwelafquen@smarthydro.cl
Pozo 4 - cocacolatemuco@smarthydro.cl
Morza P1 - uniagri@smarthydro.cl
Morza P2 - uniagri@smarthydro.cl
Codegua - dole@smarthydro.cl
Pelarco - cmoya@unifrutti.cl
Morza P3 - uniagri@smarthydro.cl
Pozo 1 - cocacolatemuco@smarthydro.cl
Pozo 3 - cocacolatemuco@smarthydro.cl
Planta Graneros - indura@smarthydro.cl
Lontué - dole@smarthydro.cl
Pozo 2 - nuevaenergia@smarthydro.cl
Pozo 1 - nuevaenergia@smarthydro.cl
Planta 1 P1 - productosfernandez@smarthydro.cl
Planta 2 P1 - productosfernandez@smarthydro.cl
Planta complejo P1 - productosfernandez@smarthydro.cl
Pozo 1 - tierrasdelsur@smarthydro.cl
Pozo 1 - alwelafquen@smarthydro.cl
Pozo 4 - cocacolatemuco@smarthydro.cl
Morza P1 - uniagri@smarthydro.cl
Morza P2 - uniagri@smarthydro.cl
Codegua - dole@smarthydro.cl
Pelarco - cmoya@unifrutti.cl
Morza P3 - uniagri@smarthydro.cl
Pozo 1 - cocacolatemuco@smarthydro.cl
Pozo 3 - cocacolatemuco@smarthydro.cl
Planta Graneros - indura@smarthydro.cl
Lontué - dole@smarthydro.cl
Pozo 2 - nuevaenergia@smarthydro.cl
Pozo 1 - nuevaenergia@smarthydro.cl
Planta 1 P1 - productosfernandez@smarthydro.cl
Planta 2 P1 - productosfernandez@smarthydro.cl
Planta complejo P1 - productosfernandez@smarthydro.cl
Pozo 1 - tierrasdelsur@smarthydro.cl
Pozo 1 - alwelafquen@smarthydro.cl
Pozo 4 - cocacolatemuco@smarthydro.cl
Morza P1 - uniagri@smarthydro.cl
Morza P2 - uniagri@smarthydro.cl
Codegua - dole@smarthydro.cl
Pelarco - cmoya@unifrutti.cl
Morza P3 - uniagri@smarthydro.cl
Pozo 1 - cocacolatemuco@smarthydro.cl
Pozo 3 - cocacolatemuco@smarthydro.cl
Planta Graneros - indura@smarthydro.cl
Lontué - dole@smarthydro.cl
Pozo 2 - nuevaenergia@smarthydro.cl
Pozo 1 - nuevaenergia@smarthydro.cl
Planta 1 P1 - productosfernandez@smarthydro.cl
Planta 2 P1 - productosfernandez@smarthydro.cl
Planta complejo P1 - productosfernandez@smarthydro.cl
Pozo 1 - tierrasdelsur@smarthydro.cl
Pozo 1 - alwelafquen@smarthydro.cl
Pozo 4 - cocacolatemuco@smarthydro.cl
Morza P1 - uniagri@smarthydro.cl
Morza P2 - uniagri@smarthydro.cl
Codegua - dole@smarthydro.cl
Pelarco - cmoya@unifrutti.cl
syntax error: line 1, column 49
Morza P3 - uniagri@smarthydro.cl
Pozo 1 - cocacolatemuco@smarthydro.cl
Pozo 3 - cocacolatemuco@smarthydro.cl
Planta Graneros - indura@smarthydro.cl
Lontué - dole@smarthydro.cl
Pozo 2 - nuevaenergia@smarthydro.cl
Pozo 1 - nuevaenergia@smarthydro.cl
syntax error: line 1, column 49
Planta 1 P1 - productosfernandez@smarthydro.cl
Planta 2 P1 - productosfernandez@smarthydro.cl
Planta complejo P1 - productosfernandez@smarthydro.cl
Pozo 1 - tierrasdelsur@smarthydro.cl
syntax error: line 1, column 49
Pozo 1 - alwelafquen@smarthydro.cl
Pozo 4 - cocacolatemuco@smarthydro.cl
Morza P1 - uniagri@smarthydro.cl
Morza P2 - uniagri@smarthydro.cl
Codegua - dole@smarthydro.cl
Pelarco - cmoya@unifrutti.cl
Morza P3 - uniagri@smarthydro.cl
Pozo 1 - cocacolatemuco@smarthydro.cl
Pozo 3 - cocacolatemuco@smarthydro.cl
Planta Graneros - indura@smarthydro.cl
Lontué - dole@smarthydro.cl
Pozo 2 - nuevaenergia@smarthydro.cl
Pozo 1 - nuevaenergia@smarthydro.cl
Planta 1 P1 - productosfernandez@smarthydro.cl
Planta 2 P1 - productosfernandez@smarthydro.cl
Planta complejo P1 - productosfernandez@smarthydro.cl
Pozo 1 - tierrasdelsur@smarthydro.cl
Pozo 1 - alwelafquen@smarthydro.cl
Pozo 4 - cocacolatemuco@smarthydro.cl
Morza P1 - uniagri@smarthydro.cl
Morza P2 - uniagri@smarthydro.cl
syntax error: line 1, column 49
Codegua - dole@smarthydro.cl
Pelarco - cmoya@unifrutti.cl
syntax error: line 1, column 49
Morza P3 - uniagri@smarthydro.cl
syntax error: line 1, column 49
Pozo 1 - cocacolatemuco@smarthydro.cl
syntax error: line 1, column 49
Pozo 3 - cocacolatemuco@smarthydro.cl
Planta Graneros - indura@smarthydro.cl
Lontué - dole@smarthydro.cl
Pozo 2 - nuevaenergia@smarthydro.cl
syntax error: line 1, column 49
Pozo 1 - nuevaenergia@smarthydro.cl
syntax error: line 1, column 49
Planta 1 P1 - productosfernandez@smarthydro.cl
syntax error: line 1, column 49
Planta 2 P1 - productosfernandez@smarthydro.cl
syntax error: line 1, column 49
Planta complejo P1 - productosfernandez@smarthydro.cl
syntax error: line 1, column 49
Pozo 1 - tierrasdelsur@smarthydro.cl
syntax error: line 1, column 49
Pozo 1 - alwelafquen@smarthydro.cl
syntax error: line 1, column 49
Pozo 4 - cocacolatemuco@smarthydro.cl
syntax error: line 1, column 49
Morza P1 - uniagri@smarthydro.cl
syntax error: line 1, column 49
Morza P2 - uniagri@smarthydro.cl
syntax error: line 1, column 49
Codegua - dole@smarthydro.cl
syntax error: line 1, column 49
Pelarco - cmoya@unifrutti.cl
syntax error: line 1, column 49
Morza P3 - uniagri@smarthydro.cl
syntax error: line 1, column 49
Pozo 1 - cocacolatemuco@smarthydro.cl
syntax error: line 1, column 49
Pozo 3 - cocacolatemuco@smarthydro.cl
syntax error: line 1, column 49
Planta Graneros - indura@smarthydro.cl
syntax error: line 1, column 49
Lontué - dole@smarthydro.cl
syntax error: line 1, column 49
Pozo 2 - nuevaenergia@smarthydro.cl
syntax error: line 1, column 49
Pozo 1 - nuevaenergia@smarthydro.cl
Planta 1 P1 - productosfernandez@smarthydro.cl
Planta 2 P1 - productosfernandez@smarthydro.cl
Planta complejo P1 - productosfernandez@smarthydro.cl
Pozo 1 - tierrasdelsur@smarthydro.cl
Pozo 1 - alwelafquen@smarthydro.cl
Pozo 4 - cocacolatemuco@smarthydro.cl
Morza P1 - uniagri@smarthydro.cl
Morza P2 - uniagri@smarthydro.cl
Codegua - dole@smarthydro.cl
Pelarco - cmoya@unifrutti.cl
Morza P3 - uniagri@smarthydro.cl
Pozo 1 - cocacolatemuco@smarthydro.cl
Pozo 3 - cocacolatemuco@smarthydro.cl
Planta Graneros - indura@smarthydro.cl
Lontué - dole@smarthydro.cl
Pozo 2 - nuevaenergia@smarthydro.cl
Pozo 1 - nuevaenergia@smarthydro.cl
Planta 1 P1 - productosfernandez@smarthydro.cl
Planta 2 P1 - productosfernandez@smarthydro.cl
mismatched tag: line 9, column 2
Planta complejo P1 - productosfernandez@smarthydro.cl
Pozo 1 - tierrasdelsur@smarthydro.cl
